{"/Users/nathan/Turing/Mod4/pallet-picker/pallet-picker-database/app.js": {"path":"/Users/nathan/Turing/Mod4/pallet-picker/pallet-picker-database/app.js","statementMap":{"0":{"start":{"line":1,"column":16},"end":{"line":1,"column":34}},"1":{"start":{"line":2,"column":12},"end":{"line":2,"column":21}},"2":{"start":{"line":3,"column":13},"end":{"line":3,"column":28}},"3":{"start":{"line":4,"column":20},"end":{"line":4,"column":57}},"4":{"start":{"line":5,"column":22},"end":{"line":5,"column":56}},"5":{"start":{"line":6,"column":17},"end":{"line":6,"column":47}},"6":{"start":{"line":7,"column":20},"end":{"line":7,"column":42}},"7":{"start":{"line":9,"column":0},"end":{"line":9,"column":16}},"8":{"start":{"line":10,"column":0},"end":{"line":10,"column":24}},"9":{"start":{"line":11,"column":0},"end":{"line":11,"column":34}},"10":{"start":{"line":12,"column":0},"end":{"line":12,"column":45}},"11":{"start":{"line":14,"column":0},"end":{"line":15,"column":3}},"12":{"start":{"line":17,"column":0},"end":{"line":21,"column":3}},"13":{"start":{"line":18,"column":2},"end":{"line":20,"column":55}},"14":{"start":{"line":19,"column":22},"end":{"line":19,"column":57}},"15":{"start":{"line":20,"column":20},"end":{"line":20,"column":54}},"16":{"start":{"line":23,"column":0},"end":{"line":27,"column":3}},"17":{"start":{"line":24,"column":2},"end":{"line":26,"column":55}},"18":{"start":{"line":25,"column":22},"end":{"line":25,"column":57}},"19":{"start":{"line":26,"column":20},"end":{"line":26,"column":54}},"20":{"start":{"line":29,"column":0},"end":{"line":34,"column":3}},"21":{"start":{"line":30,"column":15},"end":{"line":30,"column":29}},"22":{"start":{"line":31,"column":2},"end":{"line":33,"column":55}},"23":{"start":{"line":32,"column":22},"end":{"line":32,"column":57}},"24":{"start":{"line":33,"column":20},"end":{"line":33,"column":54}},"25":{"start":{"line":36,"column":0},"end":{"line":47,"column":3}},"26":{"start":{"line":37,"column":2},"end":{"line":46,"column":55}},"27":{"start":{"line":39,"column":6},"end":{"line":44,"column":7}},"28":{"start":{"line":40,"column":8},"end":{"line":40,"column":42}},"29":{"start":{"line":42,"column":8},"end":{"line":43,"column":80}},"30":{"start":{"line":46,"column":20},"end":{"line":46,"column":54}},"31":{"start":{"line":50,"column":0},"end":{"line":61,"column":3}},"32":{"start":{"line":51,"column":2},"end":{"line":60,"column":55}},"33":{"start":{"line":53,"column":6},"end":{"line":58,"column":7}},"34":{"start":{"line":54,"column":8},"end":{"line":54,"column":42}},"35":{"start":{"line":56,"column":8},"end":{"line":57,"column":80}},"36":{"start":{"line":60,"column":20},"end":{"line":60,"column":54}},"37":{"start":{"line":63,"column":0},"end":{"line":82,"column":3}},"38":{"start":{"line":64,"column":18},"end":{"line":64,"column":30}},"39":{"start":{"line":65,"column":2},"end":{"line":71,"column":3}},"40":{"start":{"line":66,"column":4},"end":{"line":70,"column":5}},"41":{"start":{"line":67,"column":6},"end":{"line":69,"column":108}},"42":{"start":{"line":72,"column":2},"end":{"line":81,"column":6}},"43":{"start":{"line":74,"column":6},"end":{"line":80,"column":7}},"44":{"start":{"line":75,"column":8},"end":{"line":77,"column":61}},"45":{"start":{"line":76,"column":27},"end":{"line":76,"column":70}},"46":{"start":{"line":77,"column":26},"end":{"line":77,"column":60}},"47":{"start":{"line":79,"column":8},"end":{"line":79,"column":68}},"48":{"start":{"line":84,"column":0},"end":{"line":117,"column":3}},"49":{"start":{"line":85,"column":18},"end":{"line":85,"column":30}},"50":{"start":{"line":86,"column":2},"end":{"line":92,"column":3}},"51":{"start":{"line":87,"column":4},"end":{"line":91,"column":5}},"52":{"start":{"line":88,"column":6},"end":{"line":90,"column":227}},"53":{"start":{"line":93,"column":2},"end":{"line":116,"column":6}},"54":{"start":{"line":95,"column":6},"end":{"line":115,"column":10}},"55":{"start":{"line":97,"column":25},"end":{"line":99,"column":12}},"56":{"start":{"line":98,"column":11},"end":{"line":98,"column":54}},"57":{"start":{"line":100,"column":10},"end":{"line":114,"column":11}},"58":{"start":{"line":101,"column":31},"end":{"line":108,"column":41}},"59":{"start":{"line":109,"column":12},"end":{"line":111,"column":65}},"60":{"start":{"line":110,"column":31},"end":{"line":110,"column":74}},"61":{"start":{"line":111,"column":30},"end":{"line":111,"column":64}},"62":{"start":{"line":113,"column":12},"end":{"line":113,"column":88}},"63":{"start":{"line":119,"column":0},"end":{"line":139,"column":3}},"64":{"start":{"line":120,"column":15},"end":{"line":120,"column":32}},"65":{"start":{"line":121,"column":13},"end":{"line":121,"column":30}},"66":{"start":{"line":122,"column":2},"end":{"line":138,"column":6}},"67":{"start":{"line":124,"column":6},"end":{"line":137,"column":7}},"68":{"start":{"line":125,"column":8},"end":{"line":134,"column":61}},"69":{"start":{"line":127,"column":12},"end":{"line":127,"column":43}},"70":{"start":{"line":128,"column":12},"end":{"line":132,"column":13}},"71":{"start":{"line":129,"column":14},"end":{"line":129,"column":48}},"72":{"start":{"line":131,"column":14},"end":{"line":131,"column":66}},"73":{"start":{"line":134,"column":26},"end":{"line":134,"column":60}},"74":{"start":{"line":136,"column":8},"end":{"line":136,"column":68}},"75":{"start":{"line":141,"column":0},"end":{"line":160,"column":2}},"76":{"start":{"line":142,"column":74},"end":{"line":142,"column":86}},"77":{"start":{"line":143,"column":20},"end":{"line":143,"column":37}},"78":{"start":{"line":144,"column":2},"end":{"line":159,"column":6}},"79":{"start":{"line":146,"column":27},"end":{"line":151,"column":8}},"80":{"start":{"line":147,"column":8},"end":{"line":150,"column":9}},"81":{"start":{"line":149,"column":10},"end":{"line":149,"column":32}},"82":{"start":{"line":152,"column":6},"end":{"line":152,"column":25}},"83":{"start":{"line":155,"column":6},"end":{"line":158,"column":67}},"84":{"start":{"line":156,"column":8},"end":{"line":157,"column":84}},"85":{"start":{"line":157,"column":22},"end":{"line":157,"column":83}},"86":{"start":{"line":158,"column":14},"end":{"line":158,"column":66}},"87":{"start":{"line":162,"column":0},"end":{"line":174,"column":2}},"88":{"start":{"line":163,"column":15},"end":{"line":163,"column":29}},"89":{"start":{"line":164,"column":2},"end":{"line":173,"column":6}},"90":{"start":{"line":166,"column":6},"end":{"line":172,"column":7}},"91":{"start":{"line":167,"column":8},"end":{"line":169,"column":61}},"92":{"start":{"line":168,"column":22},"end":{"line":168,"column":66}},"93":{"start":{"line":169,"column":26},"end":{"line":169,"column":60}},"94":{"start":{"line":171,"column":8},"end":{"line":171,"column":59}},"95":{"start":{"line":176,"column":0},"end":{"line":193,"column":2}},"96":{"start":{"line":177,"column":15},"end":{"line":177,"column":29}},"97":{"start":{"line":178,"column":2},"end":{"line":178,"column":27}},"98":{"start":{"line":179,"column":2},"end":{"line":192,"column":6}},"99":{"start":{"line":181,"column":6},"end":{"line":191,"column":7}},"100":{"start":{"line":182,"column":8},"end":{"line":188,"column":12}},"101":{"start":{"line":184,"column":12},"end":{"line":186,"column":65}},"102":{"start":{"line":185,"column":26},"end":{"line":185,"column":83}},"103":{"start":{"line":186,"column":30},"end":{"line":186,"column":64}},"104":{"start":{"line":190,"column":8},"end":{"line":190,"column":59}},"105":{"start":{"line":195,"column":0},"end":{"line":206,"column":2}},"106":{"start":{"line":196,"column":16},"end":{"line":196,"column":37}},"107":{"start":{"line":197,"column":2},"end":{"line":205,"column":55}},"108":{"start":{"line":199,"column":6},"end":{"line":203,"column":7}},"109":{"start":{"line":200,"column":8},"end":{"line":200,"column":43}},"110":{"start":{"line":202,"column":8},"end":{"line":202,"column":55}},"111":{"start":{"line":205,"column":20},"end":{"line":205,"column":54}},"112":{"start":{"line":208,"column":0},"end":{"line":208,"column":21}}},"fnMap":{"0":{"name":"(anonymous_0)","decl":{"start":{"line":14,"column":13},"end":{"line":14,"column":14}},"loc":{"start":{"line":14,"column":36},"end":{"line":15,"column":1}},"line":14},"1":{"name":"(anonymous_1)","decl":{"start":{"line":17,"column":28},"end":{"line":17,"column":29}},"loc":{"start":{"line":17,"column":51},"end":{"line":21,"column":1}},"line":17},"2":{"name":"(anonymous_2)","decl":{"start":{"line":19,"column":10},"end":{"line":19,"column":11}},"loc":{"start":{"line":19,"column":22},"end":{"line":19,"column":57}},"line":19},"3":{"name":"(anonymous_3)","decl":{"start":{"line":20,"column":11},"end":{"line":20,"column":12}},"loc":{"start":{"line":20,"column":20},"end":{"line":20,"column":54}},"line":20},"4":{"name":"(anonymous_4)","decl":{"start":{"line":23,"column":28},"end":{"line":23,"column":29}},"loc":{"start":{"line":23,"column":51},"end":{"line":27,"column":1}},"line":23},"5":{"name":"(anonymous_5)","decl":{"start":{"line":25,"column":10},"end":{"line":25,"column":11}},"loc":{"start":{"line":25,"column":22},"end":{"line":25,"column":57}},"line":25},"6":{"name":"(anonymous_6)","decl":{"start":{"line":26,"column":11},"end":{"line":26,"column":12}},"loc":{"start":{"line":26,"column":20},"end":{"line":26,"column":54}},"line":26},"7":{"name":"(anonymous_7)","decl":{"start":{"line":29,"column":41},"end":{"line":29,"column":42}},"loc":{"start":{"line":29,"column":64},"end":{"line":34,"column":1}},"line":29},"8":{"name":"(anonymous_8)","decl":{"start":{"line":32,"column":10},"end":{"line":32,"column":11}},"loc":{"start":{"line":32,"column":22},"end":{"line":32,"column":57}},"line":32},"9":{"name":"(anonymous_9)","decl":{"start":{"line":33,"column":11},"end":{"line":33,"column":12}},"loc":{"start":{"line":33,"column":20},"end":{"line":33,"column":54}},"line":33},"10":{"name":"(anonymous_10)","decl":{"start":{"line":36,"column":32},"end":{"line":36,"column":33}},"loc":{"start":{"line":36,"column":55},"end":{"line":47,"column":1}},"line":36},"11":{"name":"(anonymous_11)","decl":{"start":{"line":38,"column":10},"end":{"line":38,"column":11}},"loc":{"start":{"line":38,"column":21},"end":{"line":45,"column":5}},"line":38},"12":{"name":"(anonymous_12)","decl":{"start":{"line":46,"column":11},"end":{"line":46,"column":12}},"loc":{"start":{"line":46,"column":20},"end":{"line":46,"column":54}},"line":46},"13":{"name":"(anonymous_13)","decl":{"start":{"line":50,"column":32},"end":{"line":50,"column":33}},"loc":{"start":{"line":50,"column":55},"end":{"line":61,"column":1}},"line":50},"14":{"name":"(anonymous_14)","decl":{"start":{"line":52,"column":10},"end":{"line":52,"column":11}},"loc":{"start":{"line":52,"column":21},"end":{"line":59,"column":5}},"line":52},"15":{"name":"(anonymous_15)","decl":{"start":{"line":60,"column":11},"end":{"line":60,"column":12}},"loc":{"start":{"line":60,"column":20},"end":{"line":60,"column":54}},"line":60},"16":{"name":"(anonymous_16)","decl":{"start":{"line":63,"column":29},"end":{"line":63,"column":30}},"loc":{"start":{"line":63,"column":52},"end":{"line":82,"column":1}},"line":63},"17":{"name":"(anonymous_17)","decl":{"start":{"line":73,"column":10},"end":{"line":73,"column":11}},"loc":{"start":{"line":73,"column":29},"end":{"line":81,"column":5}},"line":73},"18":{"name":"(anonymous_18)","decl":{"start":{"line":76,"column":16},"end":{"line":76,"column":17}},"loc":{"start":{"line":76,"column":27},"end":{"line":76,"column":70}},"line":76},"19":{"name":"(anonymous_19)","decl":{"start":{"line":77,"column":17},"end":{"line":77,"column":18}},"loc":{"start":{"line":77,"column":26},"end":{"line":77,"column":60}},"line":77},"20":{"name":"(anonymous_20)","decl":{"start":{"line":84,"column":29},"end":{"line":84,"column":30}},"loc":{"start":{"line":84,"column":52},"end":{"line":117,"column":1}},"line":84},"21":{"name":"(anonymous_21)","decl":{"start":{"line":94,"column":10},"end":{"line":94,"column":11}},"loc":{"start":{"line":94,"column":21},"end":{"line":116,"column":5}},"line":94},"22":{"name":"(anonymous_22)","decl":{"start":{"line":96,"column":14},"end":{"line":96,"column":15}},"loc":{"start":{"line":96,"column":34},"end":{"line":115,"column":9}},"line":96},"23":{"name":"(anonymous_23)","decl":{"start":{"line":97,"column":47},"end":{"line":97,"column":48}},"loc":{"start":{"line":97,"column":66},"end":{"line":99,"column":11}},"line":97},"24":{"name":"(anonymous_24)","decl":{"start":{"line":110,"column":20},"end":{"line":110,"column":21}},"loc":{"start":{"line":110,"column":31},"end":{"line":110,"column":74}},"line":110},"25":{"name":"(anonymous_25)","decl":{"start":{"line":111,"column":21},"end":{"line":111,"column":22}},"loc":{"start":{"line":111,"column":30},"end":{"line":111,"column":64}},"line":111},"26":{"name":"(anonymous_26)","decl":{"start":{"line":119,"column":34},"end":{"line":119,"column":35}},"loc":{"start":{"line":119,"column":57},"end":{"line":139,"column":1}},"line":119},"27":{"name":"(anonymous_27)","decl":{"start":{"line":123,"column":10},"end":{"line":123,"column":11}},"loc":{"start":{"line":123,"column":26},"end":{"line":138,"column":5}},"line":123},"28":{"name":"(anonymous_28)","decl":{"start":{"line":126,"column":16},"end":{"line":126,"column":17}},"loc":{"start":{"line":126,"column":27},"end":{"line":133,"column":11}},"line":126},"29":{"name":"(anonymous_29)","decl":{"start":{"line":134,"column":17},"end":{"line":134,"column":18}},"loc":{"start":{"line":134,"column":26},"end":{"line":134,"column":60}},"line":134},"30":{"name":"(anonymous_30)","decl":{"start":{"line":141,"column":34},"end":{"line":141,"column":35}},"loc":{"start":{"line":141,"column":57},"end":{"line":160,"column":1}},"line":141},"31":{"name":"(anonymous_31)","decl":{"start":{"line":145,"column":10},"end":{"line":145,"column":11}},"loc":{"start":{"line":145,"column":30},"end":{"line":153,"column":5}},"line":145},"32":{"name":"(anonymous_32)","decl":{"start":{"line":146,"column":49},"end":{"line":146,"column":50}},"loc":{"start":{"line":146,"column":68},"end":{"line":151,"column":7}},"line":146},"33":{"name":"(anonymous_33)","decl":{"start":{"line":154,"column":10},"end":{"line":154,"column":11}},"loc":{"start":{"line":154,"column":20},"end":{"line":159,"column":5}},"line":154},"34":{"name":"(anonymous_34)","decl":{"start":{"line":157,"column":16},"end":{"line":157,"column":17}},"loc":{"start":{"line":157,"column":22},"end":{"line":157,"column":83}},"line":157},"35":{"name":"(anonymous_35)","decl":{"start":{"line":162,"column":35},"end":{"line":162,"column":36}},"loc":{"start":{"line":162,"column":58},"end":{"line":174,"column":1}},"line":162},"36":{"name":"(anonymous_36)","decl":{"start":{"line":165,"column":10},"end":{"line":165,"column":11}},"loc":{"start":{"line":165,"column":21},"end":{"line":173,"column":5}},"line":165},"37":{"name":"(anonymous_37)","decl":{"start":{"line":168,"column":16},"end":{"line":168,"column":17}},"loc":{"start":{"line":168,"column":22},"end":{"line":168,"column":66}},"line":168},"38":{"name":"(anonymous_38)","decl":{"start":{"line":169,"column":17},"end":{"line":169,"column":18}},"loc":{"start":{"line":169,"column":26},"end":{"line":169,"column":60}},"line":169},"39":{"name":"(anonymous_39)","decl":{"start":{"line":176,"column":35},"end":{"line":176,"column":36}},"loc":{"start":{"line":176,"column":58},"end":{"line":193,"column":1}},"line":176},"40":{"name":"(anonymous_40)","decl":{"start":{"line":180,"column":10},"end":{"line":180,"column":11}},"loc":{"start":{"line":180,"column":21},"end":{"line":192,"column":5}},"line":180},"41":{"name":"(anonymous_41)","decl":{"start":{"line":183,"column":16},"end":{"line":183,"column":17}},"loc":{"start":{"line":183,"column":22},"end":{"line":188,"column":11}},"line":183},"42":{"name":"(anonymous_42)","decl":{"start":{"line":185,"column":20},"end":{"line":185,"column":21}},"loc":{"start":{"line":185,"column":26},"end":{"line":185,"column":83}},"line":185},"43":{"name":"(anonymous_43)","decl":{"start":{"line":186,"column":21},"end":{"line":186,"column":22}},"loc":{"start":{"line":186,"column":30},"end":{"line":186,"column":64}},"line":186},"44":{"name":"(anonymous_44)","decl":{"start":{"line":195,"column":35},"end":{"line":195,"column":36}},"loc":{"start":{"line":195,"column":58},"end":{"line":206,"column":1}},"line":195},"45":{"name":"(anonymous_45)","decl":{"start":{"line":198,"column":10},"end":{"line":198,"column":11}},"loc":{"start":{"line":198,"column":22},"end":{"line":204,"column":5}},"line":198},"46":{"name":"(anonymous_46)","decl":{"start":{"line":205,"column":11},"end":{"line":205,"column":12}},"loc":{"start":{"line":205,"column":20},"end":{"line":205,"column":54}},"line":205}},"branchMap":{"0":{"loc":{"start":{"line":4,"column":20},"end":{"line":4,"column":57}},"type":"binary-expr","locations":[{"start":{"line":4,"column":20},"end":{"line":4,"column":40}},{"start":{"line":4,"column":44},"end":{"line":4,"column":57}}],"line":4},"1":{"loc":{"start":{"line":39,"column":6},"end":{"line":44,"column":7}},"type":"if","locations":[{"start":{"line":39,"column":6},"end":{"line":44,"column":7}},{"start":{"line":39,"column":6},"end":{"line":44,"column":7}}],"line":39},"2":{"loc":{"start":{"line":53,"column":6},"end":{"line":58,"column":7}},"type":"if","locations":[{"start":{"line":53,"column":6},"end":{"line":58,"column":7}},{"start":{"line":53,"column":6},"end":{"line":58,"column":7}}],"line":53},"3":{"loc":{"start":{"line":66,"column":4},"end":{"line":70,"column":5}},"type":"if","locations":[{"start":{"line":66,"column":4},"end":{"line":70,"column":5}},{"start":{"line":66,"column":4},"end":{"line":70,"column":5}}],"line":66},"4":{"loc":{"start":{"line":74,"column":6},"end":{"line":80,"column":7}},"type":"if","locations":[{"start":{"line":74,"column":6},"end":{"line":80,"column":7}},{"start":{"line":74,"column":6},"end":{"line":80,"column":7}}],"line":74},"5":{"loc":{"start":{"line":87,"column":4},"end":{"line":91,"column":5}},"type":"if","locations":[{"start":{"line":87,"column":4},"end":{"line":91,"column":5}},{"start":{"line":87,"column":4},"end":{"line":91,"column":5}}],"line":87},"6":{"loc":{"start":{"line":100,"column":10},"end":{"line":114,"column":11}},"type":"if","locations":[{"start":{"line":100,"column":10},"end":{"line":114,"column":11}},{"start":{"line":100,"column":10},"end":{"line":114,"column":11}}],"line":100},"7":{"loc":{"start":{"line":100,"column":13},"end":{"line":100,"column":38}},"type":"binary-expr","locations":[{"start":{"line":100,"column":13},"end":{"line":100,"column":27}},{"start":{"line":100,"column":31},"end":{"line":100,"column":38}}],"line":100},"8":{"loc":{"start":{"line":124,"column":6},"end":{"line":137,"column":7}},"type":"if","locations":[{"start":{"line":124,"column":6},"end":{"line":137,"column":7}},{"start":{"line":124,"column":6},"end":{"line":137,"column":7}}],"line":124},"9":{"loc":{"start":{"line":128,"column":12},"end":{"line":132,"column":13}},"type":"if","locations":[{"start":{"line":128,"column":12},"end":{"line":132,"column":13}},{"start":{"line":128,"column":12},"end":{"line":132,"column":13}}],"line":128},"10":{"loc":{"start":{"line":147,"column":8},"end":{"line":150,"column":9}},"type":"if","locations":[{"start":{"line":147,"column":8},"end":{"line":150,"column":9}},{"start":{"line":147,"column":8},"end":{"line":150,"column":9}}],"line":147},"11":{"loc":{"start":{"line":147,"column":11},"end":{"line":148,"column":53}},"type":"binary-expr","locations":[{"start":{"line":147,"column":11},"end":{"line":147,"column":40}},{"start":{"line":148,"column":13},"end":{"line":148,"column":53}}],"line":147},"12":{"loc":{"start":{"line":155,"column":6},"end":{"line":158,"column":67}},"type":"if","locations":[{"start":{"line":155,"column":6},"end":{"line":158,"column":67}},{"start":{"line":155,"column":6},"end":{"line":158,"column":67}}],"line":155},"13":{"loc":{"start":{"line":166,"column":6},"end":{"line":172,"column":7}},"type":"if","locations":[{"start":{"line":166,"column":6},"end":{"line":172,"column":7}},{"start":{"line":166,"column":6},"end":{"line":172,"column":7}}],"line":166},"14":{"loc":{"start":{"line":181,"column":6},"end":{"line":191,"column":7}},"type":"if","locations":[{"start":{"line":181,"column":6},"end":{"line":191,"column":7}},{"start":{"line":181,"column":6},"end":{"line":191,"column":7}}],"line":181},"15":{"loc":{"start":{"line":199,"column":6},"end":{"line":203,"column":7}},"type":"if","locations":[{"start":{"line":199,"column":6},"end":{"line":203,"column":7}},{"start":{"line":199,"column":6},"end":{"line":203,"column":7}}],"line":199}},"s":{"0":1,"1":1,"2":1,"3":1,"4":1,"5":1,"6":1,"7":1,"8":1,"9":1,"10":1,"11":1,"12":1,"13":1,"14":1,"15":0,"16":1,"17":1,"18":1,"19":0,"20":1,"21":1,"22":1,"23":1,"24":0,"25":1,"26":2,"27":2,"28":1,"29":1,"30":0,"31":1,"32":2,"33":2,"34":1,"35":1,"36":0,"37":1,"38":2,"39":2,"40":2,"41":0,"42":2,"43":2,"44":1,"45":1,"46":0,"47":1,"48":1,"49":2,"50":2,"51":14,"52":0,"53":2,"54":2,"55":2,"56":3,"57":2,"58":1,"59":1,"60":1,"61":0,"62":1,"63":1,"64":3,"65":3,"66":3,"67":3,"68":2,"69":2,"70":2,"71":1,"72":1,"73":0,"74":1,"75":1,"76":1,"77":1,"78":1,"79":1,"80":2,"81":0,"82":1,"83":1,"84":1,"85":1,"86":0,"87":1,"88":2,"89":2,"90":2,"91":1,"92":1,"93":0,"94":1,"95":1,"96":2,"97":2,"98":2,"99":2,"100":1,"101":1,"102":1,"103":0,"104":1,"105":1,"106":3,"107":3,"108":2,"109":1,"110":1,"111":1,"112":1},"f":{"0":0,"1":1,"2":1,"3":0,"4":1,"5":1,"6":0,"7":1,"8":1,"9":0,"10":2,"11":2,"12":0,"13":2,"14":2,"15":0,"16":2,"17":2,"18":1,"19":0,"20":2,"21":2,"22":2,"23":3,"24":1,"25":0,"26":3,"27":3,"28":2,"29":0,"30":1,"31":1,"32":2,"33":1,"34":1,"35":2,"36":2,"37":1,"38":0,"39":2,"40":2,"41":1,"42":1,"43":0,"44":3,"45":2,"46":1},"b":{"0":[1,0],"1":[1,1],"2":[1,1],"3":[0,2],"4":[1,1],"5":[0,14],"6":[1,1],"7":[2,2],"8":[2,1],"9":[1,1],"10":[0,2],"11":[2,0],"12":[1,0],"13":[1,1],"14":[1,1],"15":[1,1]},"_coverageSchema":"43e27e138ebf9cfc5966b082cf9a028302ed4184","hash":"96b96ca2acdba734aeda97ece97a6da1c9950d25"}
,"/Users/nathan/Turing/Mod4/pallet-picker/pallet-picker-database/knexfile.js": {"path":"/Users/nathan/Turing/Mod4/pallet-picker/pallet-picker-database/knexfile.js","statementMap":{"0":{"start":{"line":3,"column":0},"end":{"line":37,"column":2}}},"fnMap":{},"branchMap":{},"s":{"0":1},"f":{},"b":{},"_coverageSchema":"43e27e138ebf9cfc5966b082cf9a028302ed4184","hash":"4a9e46a1a04fdbac67d96df6053a5b382d72c60e"}
,"/Users/nathan/Turing/Mod4/pallet-picker/pallet-picker-database/db/seeds/testing/testing.js": {"path":"/Users/nathan/Turing/Mod4/pallet-picker/pallet-picker-database/db/seeds/testing/testing.js","statementMap":{"0":{"start":{"line":2,"column":0},"end":{"line":39,"column":2}},"1":{"start":{"line":4,"column":2},"end":{"line":38,"column":64}},"2":{"start":{"line":5,"column":14},"end":{"line":5,"column":36}},"3":{"start":{"line":8,"column":6},"end":{"line":36,"column":8}},"4":{"start":{"line":13,"column":10},"end":{"line":32,"column":12}},"5":{"start":{"line":34,"column":20},"end":{"line":34,"column":51}},"6":{"start":{"line":35,"column":24},"end":{"line":35,"column":67}},"7":{"start":{"line":38,"column":20},"end":{"line":38,"column":63}}},"fnMap":{"0":{"name":"(anonymous_0)","decl":{"start":{"line":2,"column":15},"end":{"line":2,"column":16}},"loc":{"start":{"line":2,"column":30},"end":{"line":39,"column":1}},"line":2},"1":{"name":"(anonymous_1)","decl":{"start":{"line":5,"column":8},"end":{"line":5,"column":9}},"loc":{"start":{"line":5,"column":14},"end":{"line":5,"column":36}},"line":5},"2":{"name":"(anonymous_2)","decl":{"start":{"line":6,"column":10},"end":{"line":6,"column":11}},"loc":{"start":{"line":6,"column":22},"end":{"line":37,"column":5}},"line":6},"3":{"name":"(anonymous_3)","decl":{"start":{"line":12,"column":14},"end":{"line":12,"column":15}},"loc":{"start":{"line":12,"column":25},"end":{"line":33,"column":9}},"line":12},"4":{"name":"(anonymous_4)","decl":{"start":{"line":34,"column":14},"end":{"line":34,"column":15}},"loc":{"start":{"line":34,"column":20},"end":{"line":34,"column":51}},"line":34},"5":{"name":"(anonymous_5)","decl":{"start":{"line":35,"column":15},"end":{"line":35,"column":16}},"loc":{"start":{"line":35,"column":24},"end":{"line":35,"column":67}},"line":35},"6":{"name":"(anonymous_6)","decl":{"start":{"line":38,"column":11},"end":{"line":38,"column":12}},"loc":{"start":{"line":38,"column":20},"end":{"line":38,"column":63}},"line":38}},"branchMap":{},"s":{"0":1,"1":22,"2":22,"3":22,"4":22,"5":22,"6":0,"7":0},"f":{"0":22,"1":22,"2":22,"3":22,"4":22,"5":0,"6":0},"b":{},"_coverageSchema":"43e27e138ebf9cfc5966b082cf9a028302ed4184","hash":"d816ad5113f2d9676803c7d38441caa3bd4908c3"}
}
