TN:
SF:/Users/nathan/Turing/Mod4/pallet-picker/pallet-picker-database/app.js
FN:14,(anonymous_0)
FN:17,(anonymous_1)
FN:19,(anonymous_2)
FN:20,(anonymous_3)
FN:23,(anonymous_4)
FN:25,(anonymous_5)
FN:26,(anonymous_6)
FN:29,(anonymous_7)
FN:32,(anonymous_8)
FN:33,(anonymous_9)
FN:36,(anonymous_10)
FN:38,(anonymous_11)
FN:46,(anonymous_12)
FN:50,(anonymous_13)
FN:52,(anonymous_14)
FN:60,(anonymous_15)
FN:63,(anonymous_16)
FN:73,(anonymous_17)
FN:76,(anonymous_18)
FN:77,(anonymous_19)
FN:84,(anonymous_20)
FN:94,(anonymous_21)
FN:96,(anonymous_22)
FN:97,(anonymous_23)
FN:110,(anonymous_24)
FN:111,(anonymous_25)
FN:119,(anonymous_26)
FN:123,(anonymous_27)
FN:126,(anonymous_28)
FN:134,(anonymous_29)
FN:141,(anonymous_30)
FN:145,(anonymous_31)
FN:146,(anonymous_32)
FN:154,(anonymous_33)
FN:157,(anonymous_34)
FN:162,(anonymous_35)
FN:165,(anonymous_36)
FN:168,(anonymous_37)
FN:169,(anonymous_38)
FN:176,(anonymous_39)
FN:180,(anonymous_40)
FN:183,(anonymous_41)
FN:185,(anonymous_42)
FN:186,(anonymous_43)
FN:195,(anonymous_44)
FN:198,(anonymous_45)
FN:205,(anonymous_46)
FNF:47
FNH:36
FNDA:0,(anonymous_0)
FNDA:1,(anonymous_1)
FNDA:1,(anonymous_2)
FNDA:0,(anonymous_3)
FNDA:1,(anonymous_4)
FNDA:1,(anonymous_5)
FNDA:0,(anonymous_6)
FNDA:1,(anonymous_7)
FNDA:1,(anonymous_8)
FNDA:0,(anonymous_9)
FNDA:2,(anonymous_10)
FNDA:2,(anonymous_11)
FNDA:0,(anonymous_12)
FNDA:2,(anonymous_13)
FNDA:2,(anonymous_14)
FNDA:0,(anonymous_15)
FNDA:2,(anonymous_16)
FNDA:2,(anonymous_17)
FNDA:1,(anonymous_18)
FNDA:0,(anonymous_19)
FNDA:2,(anonymous_20)
FNDA:2,(anonymous_21)
FNDA:2,(anonymous_22)
FNDA:3,(anonymous_23)
FNDA:1,(anonymous_24)
FNDA:0,(anonymous_25)
FNDA:3,(anonymous_26)
FNDA:3,(anonymous_27)
FNDA:2,(anonymous_28)
FNDA:0,(anonymous_29)
FNDA:1,(anonymous_30)
FNDA:1,(anonymous_31)
FNDA:2,(anonymous_32)
FNDA:1,(anonymous_33)
FNDA:1,(anonymous_34)
FNDA:2,(anonymous_35)
FNDA:2,(anonymous_36)
FNDA:1,(anonymous_37)
FNDA:0,(anonymous_38)
FNDA:2,(anonymous_39)
FNDA:2,(anonymous_40)
FNDA:1,(anonymous_41)
FNDA:1,(anonymous_42)
FNDA:0,(anonymous_43)
FNDA:3,(anonymous_44)
FNDA:2,(anonymous_45)
FNDA:1,(anonymous_46)
DA:1,1
DA:2,1
DA:3,1
DA:4,1
DA:5,1
DA:6,1
DA:7,1
DA:9,1
DA:10,1
DA:11,1
DA:12,1
DA:14,1
DA:17,1
DA:18,1
DA:19,1
DA:20,0
DA:23,1
DA:24,1
DA:25,1
DA:26,0
DA:29,1
DA:30,1
DA:31,1
DA:32,1
DA:33,0
DA:36,1
DA:37,2
DA:39,2
DA:40,1
DA:42,1
DA:46,0
DA:50,1
DA:51,2
DA:53,2
DA:54,1
DA:56,1
DA:60,0
DA:63,1
DA:64,2
DA:65,2
DA:66,2
DA:67,0
DA:72,2
DA:74,2
DA:75,1
DA:76,1
DA:77,0
DA:79,1
DA:84,1
DA:85,2
DA:86,2
DA:87,14
DA:88,0
DA:93,2
DA:95,2
DA:97,2
DA:98,3
DA:100,2
DA:101,1
DA:109,1
DA:110,1
DA:111,0
DA:113,1
DA:119,1
DA:120,3
DA:121,3
DA:122,3
DA:124,3
DA:125,2
DA:127,2
DA:128,2
DA:129,1
DA:131,1
DA:134,0
DA:136,1
DA:141,1
DA:142,1
DA:143,1
DA:144,1
DA:146,1
DA:147,2
DA:149,0
DA:152,1
DA:155,1
DA:156,1
DA:157,1
DA:158,0
DA:162,1
DA:163,2
DA:164,2
DA:166,2
DA:167,1
DA:168,1
DA:169,0
DA:171,1
DA:176,1
DA:177,2
DA:178,2
DA:179,2
DA:181,2
DA:182,1
DA:184,1
DA:185,1
DA:186,0
DA:190,1
DA:195,1
DA:196,3
DA:197,3
DA:199,2
DA:200,1
DA:202,1
DA:205,1
DA:208,1
LF:113
LH:99
BRDA:4,0,0,1
BRDA:4,0,1,0
BRDA:39,1,0,1
BRDA:39,1,1,1
BRDA:53,2,0,1
BRDA:53,2,1,1
BRDA:66,3,0,0
BRDA:66,3,1,2
BRDA:74,4,0,1
BRDA:74,4,1,1
BRDA:87,5,0,0
BRDA:87,5,1,14
BRDA:100,6,0,1
BRDA:100,6,1,1
BRDA:100,7,0,2
BRDA:100,7,1,2
BRDA:124,8,0,2
BRDA:124,8,1,1
BRDA:128,9,0,1
BRDA:128,9,1,1
BRDA:147,10,0,0
BRDA:147,10,1,2
BRDA:147,11,0,2
BRDA:147,11,1,0
BRDA:155,12,0,1
BRDA:155,12,1,0
BRDA:166,13,0,1
BRDA:166,13,1,1
BRDA:181,14,0,1
BRDA:181,14,1,1
BRDA:199,15,0,1
BRDA:199,15,1,1
BRF:32
BRH:26
end_of_record
TN:
SF:/Users/nathan/Turing/Mod4/pallet-picker/pallet-picker-database/knexfile.js
FNF:0
FNH:0
DA:3,1
LF:1
LH:1
BRF:0
BRH:0
end_of_record
TN:
SF:/Users/nathan/Turing/Mod4/pallet-picker/pallet-picker-database/db/seeds/testing/testing.js
FN:2,(anonymous_0)
FN:5,(anonymous_1)
FN:6,(anonymous_2)
FN:12,(anonymous_3)
FN:34,(anonymous_4)
FN:35,(anonymous_5)
FN:38,(anonymous_6)
FNF:7
FNH:5
FNDA:22,(anonymous_0)
FNDA:22,(anonymous_1)
FNDA:22,(anonymous_2)
FNDA:22,(anonymous_3)
FNDA:22,(anonymous_4)
FNDA:0,(anonymous_5)
FNDA:0,(anonymous_6)
DA:2,1
DA:4,22
DA:5,22
DA:8,22
DA:13,22
DA:34,22
DA:35,0
DA:38,0
LF:8
LH:6
BRF:0
BRH:0
end_of_record
